<?xml version="1.0" encoding="UTF-8"?>
<robot generator="Robot 7.0 (Python 3.12.2 on win32)" generated="2024-03-29T16:33:58.244508" rpa="false" schemaversion="5">
<suite id="s1" name="TestForm" source="C:\Users\HP-NPRU\Desktop\RobotTestForm\TestForm.robot">
<test id="s1-t1" name="Search Google and Verify Results" line="22">
<kw name="Open Google ReactForm">
<kw name="Open Browser" owner="SeleniumLibrary">
<msg time="2024-03-29T16:33:58.348244" level="INFO">Opening browser 'Chrome' to base url 'http://localhost:5173/'.</msg>
<arg>http://localhost:5173/</arg>
<arg>${BROWSER}</arg>
<doc>Opens a new browser instance to the optional ``url``.</doc>
<status status="PASS" start="2024-03-29T16:33:58.348244" elapsed="1.397649"/>
</kw>
<kw name="Maximize Browser Window" owner="SeleniumLibrary">
<doc>Maximizes current browser window.</doc>
<status status="PASS" start="2024-03-29T16:33:59.745893" elapsed="0.112222"/>
</kw>
<status status="PASS" start="2024-03-29T16:33:58.348244" elapsed="1.509871"/>
</kw>
<kw name="Input firstnameeng">
<kw name="Input Text" owner="SeleniumLibrary">
<msg time="2024-03-29T16:33:59.859114" level="INFO">Typing text 'Vick' into text field 'id=firstnameEng'.</msg>
<arg>id=firstnameEng</arg>
<arg>${FIRST_NAME_ENG}</arg>
<doc>Types the given ``text`` into the text field identified by ``locator``.</doc>
<status status="PASS" start="2024-03-29T16:33:59.859114" elapsed="0.073036"/>
</kw>
<status status="PASS" start="2024-03-29T16:33:59.858115" elapsed="0.074035"/>
</kw>
<kw name="Input IDCard">
<kw name="Input Text" owner="SeleniumLibrary">
<msg time="2024-03-29T16:33:59.933150" level="INFO">Typing text '1234567890122' into text field 'name=idCard'.</msg>
<arg>name=idCard</arg>
<arg>${ID_CARD}</arg>
<doc>Types the given ``text`` into the text field identified by ``locator``.</doc>
<status status="PASS" start="2024-03-29T16:33:59.933150" elapsed="0.086550"/>
</kw>
<status status="PASS" start="2024-03-29T16:33:59.933150" elapsed="0.086550"/>
</kw>
<kw name="Input Password">
<kw name="Input Text" owner="SeleniumLibrary">
<msg time="2024-03-29T16:34:00.019700" level="INFO">Typing text 'Password123' into text field 'id=password'.</msg>
<arg>id=password</arg>
<arg>${PASSWORD}</arg>
<doc>Types the given ``text`` into the text field identified by ``locator``.</doc>
<status status="PASS" start="2024-03-29T16:34:00.019700" elapsed="0.084959"/>
</kw>
<status status="PASS" start="2024-03-29T16:34:00.019700" elapsed="0.084959"/>
</kw>
<kw name="Input Mobile">
<kw name="Input Text" owner="SeleniumLibrary">
<msg time="2024-03-29T16:34:00.106044" level="INFO">Typing text '0123456789' into text field 'name=mobile'.</msg>
<arg>name=mobile</arg>
<arg>${MOBILE}</arg>
<doc>Types the given ``text`` into the text field identified by ``locator``.</doc>
<status status="PASS" start="2024-03-29T16:34:00.106044" elapsed="0.070077"/>
</kw>
<status status="PASS" start="2024-03-29T16:34:00.106044" elapsed="0.070077"/>
</kw>
<kw name="Input Email">
<kw name="Input Text" owner="SeleniumLibrary">
<msg time="2024-03-29T16:34:00.176121" level="INFO">Typing text 'test@webmail.npru.ac.th' into text field 'id=email'.</msg>
<arg>id=email</arg>
<arg>${EMAIL}</arg>
<doc>Types the given ``text`` into the text field identified by ``locator``.</doc>
<status status="PASS" start="2024-03-29T16:34:00.176121" elapsed="0.073453"/>
</kw>
<status status="PASS" start="2024-03-29T16:34:00.176121" elapsed="0.073453"/>
</kw>
<kw name="Verify Results">
<kw name="Wait Until Page Contains" owner="SeleniumLibrary">
<msg time="2024-03-29T16:34:05.364210" level="INFO" html="true">&lt;/td&gt;&lt;/tr&gt;&lt;tr&gt;&lt;td colspan="3"&gt;&lt;a href="selenium-screenshot-10.png"&gt;&lt;img src="selenium-screenshot-10.png" width="800px"&gt;&lt;/a&gt;</msg>
<msg time="2024-03-29T16:34:05.365665" level="FAIL">Text 'กรุณากรอกชื่อเป็นภาษาอังกฤษเท่านั้น' did not appear in 5 seconds.</msg>
<arg>${RESULT_FIRST_NAME_ENG}</arg>
<doc>Waits until ``text`` appears on the current page.</doc>
<status status="FAIL" start="2024-03-29T16:34:00.250573" elapsed="5.115092">Text 'กรุณากรอกชื่อเป็นภาษาอังกฤษเท่านั้น' did not appear in 5 seconds.</status>
</kw>
<kw name="Page Should Contain" owner="SeleniumLibrary">
<arg>${RESULT_FIRST_NAME_ENG}</arg>
<doc>Verifies that current page contains ``text``.</doc>
<status status="NOT RUN" start="2024-03-29T16:34:05.365665" elapsed="0.000000"/>
</kw>
<kw name="Wait Until Page Contains" owner="SeleniumLibrary">
<arg>${RESULT_ID_CARD}</arg>
<doc>Waits until ``text`` appears on the current page.</doc>
<status status="NOT RUN" start="2024-03-29T16:34:05.365665" elapsed="0.000000"/>
</kw>
<kw name="Page Should Contain" owner="SeleniumLibrary">
<arg>${RESULT_ID_CARD}</arg>
<doc>Verifies that current page contains ``text``.</doc>
<status status="NOT RUN" start="2024-03-29T16:34:05.365665" elapsed="0.000000"/>
</kw>
<kw name="Wait Until Page Contains" owner="SeleniumLibrary">
<arg>${RESULT_PASSWORD}</arg>
<doc>Waits until ``text`` appears on the current page.</doc>
<status status="NOT RUN" start="2024-03-29T16:34:05.365665" elapsed="0.000000"/>
</kw>
<kw name="Page Should Contain" owner="SeleniumLibrary">
<arg>${RESULT_PASSWORD}</arg>
<doc>Verifies that current page contains ``text``.</doc>
<status status="NOT RUN" start="2024-03-29T16:34:05.365665" elapsed="0.000000"/>
</kw>
<kw name="Wait Until Page Contains" owner="SeleniumLibrary">
<arg>${RESULT_MOBILE}</arg>
<doc>Waits until ``text`` appears on the current page.</doc>
<status status="NOT RUN" start="2024-03-29T16:34:05.365665" elapsed="0.000000"/>
</kw>
<kw name="Page Should Contain" owner="SeleniumLibrary">
<arg>${RESULT_MOBILE}</arg>
<doc>Verifies that current page contains ``text``.</doc>
<status status="NOT RUN" start="2024-03-29T16:34:05.365665" elapsed="0.000000"/>
</kw>
<kw name="Wait Until Page Contains" owner="SeleniumLibrary">
<arg>${RESULT_EMAIL}</arg>
<doc>Waits until ``text`` appears on the current page.</doc>
<status status="NOT RUN" start="2024-03-29T16:34:05.365665" elapsed="0.000000"/>
</kw>
<kw name="Page Should Contain" owner="SeleniumLibrary">
<arg>${RESULT_EMAIL}</arg>
<doc>Verifies that current page contains ``text``.</doc>
<status status="NOT RUN" start="2024-03-29T16:34:05.365665" elapsed="0.000000"/>
</kw>
<status status="FAIL" start="2024-03-29T16:34:00.249574" elapsed="5.116091">Text 'กรุณากรอกชื่อเป็นภาษาอังกฤษเท่านั้น' did not appear in 5 seconds.</status>
</kw>
<doc>Test case to search Google and verify results</doc>
<tag>search</tag>
<status status="FAIL" start="2024-03-29T16:33:58.348244" elapsed="7.017421">Text 'กรุณากรอกชื่อเป็นภาษาอังกฤษเท่านั้น' did not appear in 5 seconds.</status>
</test>
<status status="FAIL" start="2024-03-29T16:33:58.245027" elapsed="7.120638"/>
</suite>
<statistics>
<total>
<stat pass="0" fail="1" skip="0">All Tests</stat>
</total>
<tag>
<stat pass="0" fail="1" skip="0">search</stat>
</tag>
<suite>
<stat pass="0" fail="1" skip="0" id="s1" name="TestForm">TestForm</stat>
</suite>
</statistics>
<errors>
</errors>
</robot>
